{"/home/dave/socketSliders/apps/socketSlidersWeb/app/components/header.tsx": {"path":"/home/dave/socketSliders/apps/socketSlidersWeb/app/components/header.tsx","statementMap":{"0":{"start":{"line":7,"column":29},"end":{"line":7,"column":null}},"1":{"start":{"line":9,"column":2},"end":{"line":32,"column":null}}},"fnMap":{"0":{"name":"Header","decl":{"start":{"line":6,"column":16},"end":{"line":6,"column":25}},"loc":{"start":{"line":6,"column":25},"end":{"line":34,"column":null}},"line":6}},"branchMap":{"0":{"loc":{"start":{"line":22,"column":37},"end":{"line":22,"column":73}},"type":"cond-expr","locations":[{"start":{"line":22,"column":57},"end":{"line":22,"column":66}},{"start":{"line":22,"column":66},"end":{"line":22,"column":73}}],"line":22},"1":{"loc":{"start":{"line":24,"column":13},"end":{"line":27,"column":null}},"type":"cond-expr","locations":[{"start":{"line":25,"column":14},"end":{"line":25,"column":null}},{"start":{"line":27,"column":14},"end":{"line":27,"column":null}}],"line":24}},"s":{"0":7,"1":7},"f":{"0":7},"b":{"0":[6,1],"1":[6,1]},"meta":{"lastBranch":2,"lastFunction":1,"lastStatement":2,"seen":{"f:6:16:6:25":0,"s:7:29:7:Infinity":0,"s:9:2:32:Infinity":1,"b:22:57:22:66:22:66:22:73":0,"b:25:14:25:Infinity:27:14:27:Infinity":1}}}
,"/home/dave/socketSliders/apps/socketSlidersWeb/app/hooks/use-theme.tsx": {"path":"/home/dave/socketSliders/apps/socketSlidersWeb/app/hooks/use-theme.tsx","statementMap":{"0":{"start":{"line":11,"column":6},"end":{"line":11,"column":null}},"1":{"start":{"line":14,"column":29},"end":{"line":14,"column":null}},"2":{"start":{"line":15,"column":28},"end":{"line":15,"column":null}},"3":{"start":{"line":17,"column":2},"end":{"line":26,"column":null}},"4":{"start":{"line":18,"column":4},"end":{"line":18,"column":null}},"5":{"start":{"line":20,"column":19},"end":{"line":20,"column":null}},"6":{"start":{"line":21,"column":4},"end":{"line":25,"column":null}},"7":{"start":{"line":22,"column":6},"end":{"line":22,"column":null}},"8":{"start":{"line":23,"column":4},"end":{"line":25,"column":null}},"9":{"start":{"line":24,"column":6},"end":{"line":24,"column":null}},"10":{"start":{"line":28,"column":2},"end":{"line":38,"column":null}},"11":{"start":{"line":29,"column":4},"end":{"line":29,"column":null}},"12":{"start":{"line":29,"column":18},"end":{"line":29,"column":null}},"13":{"start":{"line":31,"column":17},"end":{"line":31,"column":null}},"14":{"start":{"line":32,"column":4},"end":{"line":36,"column":null}},"15":{"start":{"line":33,"column":6},"end":{"line":33,"column":null}},"16":{"start":{"line":35,"column":6},"end":{"line":35,"column":null}},"17":{"start":{"line":37,"column":4},"end":{"line":37,"column":null}},"18":{"start":{"line":40,"column":19},"end":{"line":42,"column":null}},"19":{"start":{"line":41,"column":4},"end":{"line":41,"column":null}},"20":{"start":{"line":44,"column":22},"end":{"line":46,"column":null}},"21":{"start":{"line":45,"column":4},"end":{"line":45,"column":null}},"22":{"start":{"line":45,"column":29},"end":{"line":45,"column":65}},"23":{"start":{"line":49,"column":2},"end":{"line":51,"column":null}},"24":{"start":{"line":50,"column":4},"end":{"line":50,"column":null}},"25":{"start":{"line":53,"column":2},"end":{"line":56,"column":null}},"26":{"start":{"line":61,"column":8},"end":{"line":61,"column":null}},"27":{"start":{"line":62,"column":2},"end":{"line":64,"column":null}},"28":{"start":{"line":63,"column":4},"end":{"line":63,"column":null}},"29":{"start":{"line":65,"column":2},"end":{"line":65,"column":null}}},"fnMap":{"0":{"name":"ThemeProvider","decl":{"start":{"line":13,"column":16},"end":{"line":13,"column":30}},"loc":{"start":{"line":13,"column":75},"end":{"line":58,"column":null}},"line":13},"1":{"name":"(anonymous_1)","decl":{"start":{"line":17,"column":12},"end":{"line":17,"column":18}},"loc":{"start":{"line":17,"column":18},"end":{"line":26,"column":5}},"line":17},"2":{"name":"(anonymous_2)","decl":{"start":{"line":28,"column":12},"end":{"line":28,"column":18}},"loc":{"start":{"line":28,"column":18},"end":{"line":38,"column":5}},"line":28},"3":{"name":"(anonymous_3)","decl":{"start":{"line":40,"column":19},"end":{"line":40,"column":20}},"loc":{"start":{"line":40,"column":40},"end":{"line":42,"column":null}},"line":40},"4":{"name":"(anonymous_4)","decl":{"start":{"line":44,"column":22},"end":{"line":44,"column":28}},"loc":{"start":{"line":44,"column":28},"end":{"line":46,"column":null}},"line":44},"5":{"name":"(anonymous_5)","decl":{"start":{"line":45,"column":18},"end":{"line":45,"column":19}},"loc":{"start":{"line":45,"column":29},"end":{"line":45,"column":65}},"line":45},"6":{"name":"useTheme","decl":{"start":{"line":60,"column":16},"end":{"line":60,"column":27}},"loc":{"start":{"line":60,"column":27},"end":{"line":66,"column":null}},"line":60}},"branchMap":{"0":{"loc":{"start":{"line":21,"column":4},"end":{"line":25,"column":null}},"type":"if","locations":[{"start":{"line":21,"column":4},"end":{"line":25,"column":null}},{"start":{"line":23,"column":4},"end":{"line":25,"column":null}}],"line":21},"1":{"loc":{"start":{"line":23,"column":4},"end":{"line":25,"column":null}},"type":"if","locations":[{"start":{"line":23,"column":4},"end":{"line":25,"column":null}},{"start":{},"end":{}}],"line":23},"2":{"loc":{"start":{"line":29,"column":4},"end":{"line":29,"column":null}},"type":"if","locations":[{"start":{"line":29,"column":4},"end":{"line":29,"column":null}},{"start":{},"end":{}}],"line":29},"3":{"loc":{"start":{"line":32,"column":4},"end":{"line":36,"column":null}},"type":"if","locations":[{"start":{"line":32,"column":4},"end":{"line":36,"column":null}},{"start":{"line":34,"column":11},"end":{"line":36,"column":null}}],"line":32},"4":{"loc":{"start":{"line":45,"column":29},"end":{"line":45,"column":65}},"type":"cond-expr","locations":[{"start":{"line":45,"column":48},"end":{"line":45,"column":57}},{"start":{"line":45,"column":57},"end":{"line":45,"column":65}}],"line":45},"5":{"loc":{"start":{"line":49,"column":2},"end":{"line":51,"column":null}},"type":"if","locations":[{"start":{"line":49,"column":2},"end":{"line":51,"column":null}},{"start":{},"end":{}}],"line":49},"6":{"loc":{"start":{"line":62,"column":2},"end":{"line":64,"column":null}},"type":"if","locations":[{"start":{"line":62,"column":2},"end":{"line":64,"column":null}},{"start":{},"end":{}}],"line":62}},"s":{"0":2,"1":32,"2":32,"3":32,"4":13,"5":13,"6":13,"7":2,"8":11,"9":1,"10":32,"11":32,"12":13,"13":19,"14":19,"15":7,"16":12,"17":19,"18":32,"19":3,"20":32,"21":3,"22":3,"23":32,"24":13,"25":19,"26":22,"27":22,"28":2,"29":19},"f":{"0":32,"1":13,"2":32,"3":3,"4":3,"5":3,"6":22},"b":{"0":[2,11],"1":[1,10],"2":[13,19],"3":[7,12],"4":[2,1],"5":[13,19],"6":[2,20]},"meta":{"lastBranch":7,"lastFunction":7,"lastStatement":30,"seen":{"s:11:6:11:Infinity":0,"f:13:16:13:30":0,"s:14:29:14:Infinity":1,"s:15:28:15:Infinity":2,"s:17:2:26:Infinity":3,"f:17:12:17:18":1,"s:18:4:18:Infinity":4,"s:20:19:20:Infinity":5,"b:21:4:25:Infinity:23:4:25:Infinity":0,"s:21:4:25:Infinity":6,"s:22:6:22:Infinity":7,"b:23:4:25:Infinity:undefined:undefined:undefined:undefined":1,"s:23:4:25:Infinity":8,"s:24:6:24:Infinity":9,"s:28:2:38:Infinity":10,"f:28:12:28:18":2,"b:29:4:29:Infinity:undefined:undefined:undefined:undefined":2,"s:29:4:29:Infinity":11,"s:29:18:29:Infinity":12,"s:31:17:31:Infinity":13,"b:32:4:36:Infinity:34:11:36:Infinity":3,"s:32:4:36:Infinity":14,"s:33:6:33:Infinity":15,"s:35:6:35:Infinity":16,"s:37:4:37:Infinity":17,"s:40:19:42:Infinity":18,"f:40:19:40:20":3,"s:41:4:41:Infinity":19,"s:44:22:46:Infinity":20,"f:44:22:44:28":4,"s:45:4:45:Infinity":21,"f:45:18:45:19":5,"s:45:29:45:65":22,"b:45:48:45:57:45:57:45:65":4,"b:49:2:51:Infinity:undefined:undefined:undefined:undefined":5,"s:49:2:51:Infinity":23,"s:50:4:50:Infinity":24,"s:53:2:56:Infinity":25,"f:60:16:60:27":6,"s:61:8:61:Infinity":26,"b:62:2:64:Infinity:undefined:undefined:undefined:undefined":6,"s:62:2:64:Infinity":27,"s:63:4:63:Infinity":28,"s:65:2:65:Infinity":29}}}
,"/home/dave/socketSliders/apps/socketSlidersWeb/app/lib/utils.ts": {"path":"/home/dave/socketSliders/apps/socketSlidersWeb/app/lib/utils.ts","statementMap":{"0":{"start":{"line":5,"column":2},"end":{"line":5,"column":null}}},"fnMap":{"0":{"name":"cn","decl":{"start":{"line":4,"column":16},"end":{"line":4,"column":22}},"loc":{"start":{"line":4,"column":44},"end":{"line":6,"column":null}},"line":4}},"branchMap":{},"s":{"0":7},"f":{"0":7},"b":{},"meta":{"lastBranch":0,"lastFunction":1,"lastStatement":1,"seen":{"f:4:16:4:22":0,"s:5:2:5:Infinity":0}}}
}
